SF:lib\models\product.dart
DA:10,3
DA:20,3
DA:28,3
LF:3
LH:3
end_of_record
SF:lib\data\sample_data.dart
DA:8,2
DA:11,6
DA:12,2
DA:15,2
DA:17,2
DA:20,2
DA:22,2
DA:25,2
DA:29,6
DA:30,2
DA:35,2
DA:38,2
DA:43,2
DA:46,2
DA:51,2
LF:15
LH:15
end_of_record
SF:lib\views\collections_page.dart
DA:8,0
DA:10,1
DA:12,2
DA:15,1
DA:17,1
DA:18,1
DA:21,1
DA:23,1
DA:24,2
DA:31,1
DA:32,2
DA:33,1
DA:34,3
DA:35,2
DA:36,1
DA:38,1
DA:40,1
DA:42,2
DA:44,2
DA:45,0
DA:47,1
DA:48,2
DA:52,0
DA:56,1
DA:57,0
DA:60,0
DA:61,0
DA:65,1
DA:68,0
DA:69,0
DA:72,1
DA:85,1
DA:86,1
DA:106,2
DA:107,2
DA:109,2
DA:112,16
DA:114,2
DA:115,8
DA:116,2
DA:118,2
DA:120,2
DA:121,2
DA:122,2
DA:123,2
DA:124,2
DA:125,4
DA:126,6
DA:129,4
DA:130,8
DA:131,0
DA:134,0
DA:135,0
DA:136,0
DA:137,0
DA:138,0
DA:140,0
DA:142,0
DA:143,0
DA:144,0
DA:146,0
DA:147,0
DA:148,0
DA:149,0
DA:150,0
DA:151,0
DA:152,0
DA:153,0
DA:154,0
LF:69
LH:42
end_of_record
SF:lib\views\product_page.dart
DA:5,1
DA:7,2
DA:9,2
DA:10,2
LF:4
LH:4
end_of_record
SF:lib\main.dart
DA:8,0
DA:9,0
DA:13,1
DA:15,1
DA:17,1
DA:20,1
DA:21,1
DA:26,1
DA:27,1
DA:28,1
DA:31,0
DA:32,0
DA:33,0
DA:34,0
DA:35,0
DA:48,1
DA:50,0
DA:51,0
DA:54,1
DA:55,1
DA:58,0
DA:60,1
DA:62,3
DA:63,1
DA:64,1
DA:68,1
DA:69,1
DA:70,1
DA:71,0
DA:72,1
DA:75,1
DA:82,1
DA:83,1
DA:84,1
DA:85,1
DA:88,0
DA:90,1
DA:92,1
DA:94,1
DA:96,1
DA:98,1
DA:100,1
DA:105,0
DA:107,0
DA:112,1
DA:113,1
DA:115,1
DA:117,1
DA:119,1
DA:120,1
DA:123,3
DA:126,2
DA:127,1
DA:128,1
DA:130,1
DA:132,1
DA:148,1
DA:149,2
DA:150,1
DA:163,1
DA:166,1
DA:168,1
DA:173,1
DA:175,1
DA:178,1
DA:179,1
DA:180,1
DA:181,1
DA:182,1
DA:184,1
DA:185,1
DA:186,1
DA:187,2
DA:189,1
DA:191,1
DA:192,1
DA:195,1
DA:196,1
DA:197,1
DA:202,3
DA:218,1
DA:221,1
DA:222,1
DA:229,1
DA:232,1
DA:235,1
DA:236,2
DA:237,1
DA:239,1
DA:240,2
DA:241,1
DA:243,1
DA:244,2
DA:257,1
DA:259,1
DA:261,1
DA:262,1
DA:266,1
DA:268,1
DA:269,1
DA:270,1
DA:272,1
DA:273,2
DA:276,1
DA:277,1
DA:279,1
DA:280,1
LF:107
LH:93
end_of_record
SF:lib\widgets\product_card.dart
DA:8,1
DA:15,1
DA:17,1
DA:18,0
DA:19,0
DA:21,1
DA:23,1
DA:24,1
DA:25,1
DA:26,1
DA:28,1
DA:29,1
DA:30,1
DA:38,1
DA:40,1
DA:42,1
DA:43,1
DA:48,1
DA:49,1
LF:19
LH:17
end_of_record
SF:lib\views\about_page.dart
DA:4,1
DA:6,1
DA:8,1
DA:9,1
DA:15,1
LF:5
LH:5
end_of_record
