SF:lib\models\product.dart
DA:11,6
DA:23,6
DA:33,6
LF:3
LH:3
end_of_record
SF:lib\data\sample_data.dart
DA:8,4
DA:11,12
DA:12,4
DA:15,4
DA:17,4
DA:20,4
DA:22,4
DA:25,4
DA:29,15
DA:30,5
DA:35,5
DA:38,5
DA:43,5
DA:46,5
DA:51,5
DA:55,5
DA:62,5
DA:65,5
DA:72,5
LF:19
LH:19
end_of_record
SF:lib\views\collection_page.dart
DA:10,6
DA:11,3
DA:12,3
DA:17,0
DA:20,0
DA:27,3
DA:29,24
DA:31,3
DA:32,12
DA:33,3
DA:34,3
DA:36,3
DA:38,3
DA:39,3
DA:40,3
DA:47,0
DA:50,3
DA:57,0
DA:64,3
DA:65,3
DA:67,3
DA:69,3
DA:70,3
DA:71,3
DA:72,3
DA:73,3
DA:74,12
DA:75,6
DA:76,3
DA:79,3
DA:81,3
DA:82,9
DA:83,3
DA:84,1
DA:87,1
DA:90,1
DA:93,1
DA:107,6
DA:108,4
DA:109,1
DA:110,1
DA:111,1
DA:112,3
DA:119,4
DA:125,8
DA:126,3
DA:127,3
LF:47
LH:43
end_of_record
SF:lib\views\product_page.dart
DA:6,4
DA:8,2
DA:10,2
DA:11,8
DA:12,2
DA:14,2
DA:16,2
DA:18,6
DA:19,2
DA:21,2
DA:22,6
DA:23,4
DA:24,6
DA:26,0
DA:31,0
DA:33,2
DA:34,12
DA:35,2
DA:37,6
DA:38,1
DA:39,1
DA:40,1
DA:41,4
DA:49,1
DA:50,4
DA:59,5
DA:61,2
DA:62,6
DA:63,2
DA:65,2
DA:66,2
DA:67,2
DA:68,2
DA:77,0
DA:81,2
DA:82,2
DA:91,0
DA:96,2
DA:97,2
DA:101,2
DA:103,4
DA:104,2
DA:105,6
DA:108,0
DA:113,2
DA:115,2
DA:117,2
DA:118,0
DA:125,2
DA:126,2
DA:128,2
DA:129,0
DA:136,2
DA:138,2
DA:140,2
DA:142,2
LF:56
LH:49
end_of_record
SF:lib\views\collections_page.dart
DA:8,2
DA:10,2
DA:12,4
DA:13,6
DA:17,3
DA:19,3
DA:20,3
DA:23,3
DA:25,3
DA:26,6
DA:33,3
DA:34,6
DA:35,3
DA:36,9
DA:37,4
DA:38,3
DA:40,3
DA:42,3
DA:44,6
DA:46,6
DA:47,0
DA:49,3
DA:50,6
DA:54,0
DA:58,3
DA:61,0
DA:62,0
DA:65,3
DA:78,3
DA:79,3
LF:30
LH:26
end_of_record
SF:lib\views\authentication_page.dart
DA:6,2
DA:8,1
DA:10,1
DA:12,1
DA:13,1
DA:34,2
DA:36,1
DA:67,2
DA:69,1
LF:9
LH:9
end_of_record
SF:lib\main.dart
DA:9,0
DA:10,0
DA:14,1
DA:16,1
DA:18,1
DA:21,1
DA:22,1
DA:28,1
DA:30,1
DA:31,0
DA:32,1
DA:39,1
DA:41,0
DA:42,0
DA:45,1
DA:47,1
DA:50,0
DA:52,1
DA:54,3
DA:55,1
DA:56,1
DA:60,1
DA:61,1
DA:62,1
DA:63,0
DA:64,1
DA:67,1
DA:74,1
DA:75,1
DA:76,1
DA:77,1
DA:81,0
DA:82,0
DA:84,1
DA:87,1
DA:89,1
DA:92,0
DA:94,1
DA:97,1
DA:102,0
DA:104,0
DA:109,1
DA:110,1
DA:112,1
DA:114,1
DA:116,1
DA:117,1
DA:120,3
DA:123,2
DA:124,1
DA:125,1
DA:127,1
DA:129,1
DA:145,1
DA:146,2
DA:147,1
DA:160,1
DA:163,1
DA:164,1
DA:171,1
DA:174,1
DA:177,1
DA:178,1
DA:184,2
DA:185,5
DA:186,1
DA:188,1
DA:189,2
DA:190,1
DA:192,1
DA:193,0
DA:194,0
DA:195,0
DA:196,0
DA:200,1
DA:202,1
DA:203,1
DA:204,2
DA:205,1
DA:206,2
DA:208,0
DA:209,0
DA:216,0
DA:218,1
DA:221,1
DA:223,1
DA:224,1
DA:225,1
DA:232,2
DA:233,1
DA:234,1
DA:235,1
DA:236,3
DA:245,1
DA:246,3
DA:254,1
DA:255,3
DA:266,1
DA:273,1
DA:274,2
DA:275,1
DA:276,1
DA:277,1
LF:103
LH:84
end_of_record
SF:lib\views\about_page.dart
DA:4,1
DA:6,1
DA:8,1
DA:9,1
DA:15,1
LF:5
LH:5
end_of_record
SF:lib\widgets\footer.dart
DA:9,1
DA:15,1
DA:17,1
DA:19,1
DA:21,1
DA:23,1
DA:24,1
DA:27,1
DA:29,1
DA:30,2
DA:31,2
DA:32,2
DA:33,2
LF:13
LH:13
end_of_record
